Build started 04/24/2016 10:43:33 PM.
     1>Project "D:\Programs\Projects\DungeonsOfMalice\DungeonsOfMalice\DungeonsOfMalice.vcxproj" on node 2 (Build target(s)).
     1>ClCompile:
         C:\Program Files (x86)\Microsoft Visual Studio 14.0\VC\bin\CL.exe /c /I"D:\SDL2-2.0.3\include" /ZI /nologo /W3 /WX- /sdl /Od /Oy- /D _MBCS /Gm /EHsc /RTC1 /MDd /GS /fp:precise /Zc:wchar_t /Zc:forScope /Zc:inline /Fo"Debug\\" /Fd"Debug\vc140.pdb" /Gd /TP /analyze- /errorReport:prompt main.cpp
         main.cpp
       Link:
         C:\Program Files (x86)\Microsoft Visual Studio 14.0\VC\bin\link.exe /ERRORREPORT:PROMPT /OUT:"D:\Programs\Projects\DungeonsOfMalice\Debug\DungeonsOfMalice.exe" /INCREMENTAL /NOLOGO /LIBPATH:"D:\SDL2-2.0.3\lib\x86" SDL2.lib SDL2main.lib kernel32.lib user32.lib gdi32.lib winspool.lib comdlg32.lib advapi32.lib shell32.lib ole32.lib oleaut32.lib uuid.lib odbc32.lib odbccp32.lib /MANIFEST /MANIFESTUAC:"level='asInvoker' uiAccess='false'" /manifest:embed /Debug /PDB:"D:\Programs\Projects\DungeonsOfMalice\Debug\DungeonsOfMalice.pdb" /SUBSYSTEM:WINDOWS /TLBID:1 /DYNAMICBASE /NXCOMPAT /IMPLIB:"D:\Programs\Projects\DungeonsOfMalice\Debug\DungeonsOfMalice.lib" /MACHINE:X86 Debug\Creature.obj
         Debug\CreatureController.obj
         Debug\Drawing.obj
         Debug\InventoryManager.obj
         Debug\ItemContainer.obj
         Debug\Items.obj
         Debug\ItemTemplates.obj
         Debug\main.obj
         Debug\map.obj
         Debug\Res.obj
         Debug\Statecontrol.obj
         Debug\UI.obj
         DungeonsOfMalice.vcxproj -> D:\Programs\Projects\DungeonsOfMalice\Debug\DungeonsOfMalice.exe
     1>Done Building Project "D:\Programs\Projects\DungeonsOfMalice\DungeonsOfMalice\DungeonsOfMalice.vcxproj" (Build target(s)).

Build succeeded.

Time Elapsed 00:00:01.98
